app/shared/build/intermediates/manifest_merge_blame_file/debug/manifest-merger-blame-debug-report.txt
1<?xml version="1.0" encoding="utf-8"?>
2<manifest xmlns:android="http://schemas.android.com/apk/res/android"
3    xmlns:tools="http://schemas.android.com/tools"
4    package="com.brightsight.shared"
5    android:installLocation="internalOnly" >
6
7    <uses-sdk
8        android:minSdkVersion="21"
8-->src/main/AndroidManifest.xml
9        android:targetSdkVersion="30" />
9-->src/main/AndroidManifest.xml
10
11    <uses-permission android:name="android.permission.INTERNET" />
11-->src/main/AndroidManifest.xml:6:5-67
11-->src/main/AndroidManifest.xml:6:22-64
12    <uses-permission android:name="android.permission.ACCESS_NETWORK_STATE" />
12-->src/main/AndroidManifest.xml:7:5-79
12-->src/main/AndroidManifest.xml:7:22-76
13    <uses-permission android:name="android.permission.FOREGROUND_SERVICE" />
13-->src/main/AndroidManifest.xml:8:5-77
13-->src/main/AndroidManifest.xml:8:22-74
14    <uses-permission android:name="android.permission.REQUEST_INSTALL_PACKAGES" />
14-->src/main/AndroidManifest.xml:9:5-83
14-->src/main/AndroidManifest.xml:9:22-80
15    <uses-permission
15-->src/main/AndroidManifest.xml:10:5-13:40
16        android:name="android.permission.WRITE_EXTERNAL_STORAGE"
16-->src/main/AndroidManifest.xml:11:9-65
17        android:maxSdkVersion="29"
17-->src/main/AndroidManifest.xml:12:9-35
18        tools:ignore="ScopedStorage" />
18-->src/main/AndroidManifest.xml:13:9-37
19    <uses-permission
19-->src/main/AndroidManifest.xml:14:5-16:53
20        android:name="android.permission.QUERY_ALL_PACKAGES"
20-->src/main/AndroidManifest.xml:15:9-61
21        tools:ignore="QueryAllPackagesPermission" />
21-->src/main/AndroidManifest.xml:16:9-50
22
23    <application
23-->src/main/AndroidManifest.xml:18:5-25:42
24        android:allowBackup="false"
24-->src/main/AndroidManifest.xml:19:9-36
25        android:label="BrSJoker"
25-->src/main/AndroidManifest.xml:20:9-33
26        android:requestLegacyExternalStorage="true"
26-->src/main/AndroidManifest.xml:21:9-52
27        android:supportsRtl="true"
27-->src/main/AndroidManifest.xml:22:9-35
28        android:theme="@android:style/Theme.Translucent.NoTitleBar"
28-->src/main/AndroidManifest.xml:23:9-68
29        android:usesCleartextTraffic="true"
29-->src/main/AndroidManifest.xml:24:9-44
30        tools:ignore="UnusedAttribute" />
30-->src/main/AndroidManifest.xml:25:9-39
31
32</manifest>